[INFO][20-10-31][com.zxp.dao.TestUserMapper]info
[DEBUG][20-10-31][com.zxp.dao.TestUserMapper]debug
[ERROR][20-10-31][com.zxp.dao.TestUserMapper]error
[INFO][20-10-31][com.zxp.dao.TestUserMapper]info
[DEBUG][20-10-31][com.zxp.dao.TestUserMapper]debug
[ERROR][20-10-31][com.zxp.dao.TestUserMapper]error
[INFO][20-10-31][com.zxp.dao.TestUserMapper]info
[DEBUG][20-10-31][com.zxp.dao.TestUserMapper]debug
[ERROR][20-10-31][com.zxp.dao.TestUserMapper]error
[INFO][20-10-31][com.zxp.dao.TestUserMapper]info
[DEBUG][20-10-31][com.zxp.dao.TestUserMapper]debug
[ERROR][20-10-31][com.zxp.dao.TestUserMapper]error
[INFO][20-10-31][com.zxp.dao.TestUserMapper]info
[DEBUG][20-10-31][com.zxp.dao.TestUserMapper]debug
[ERROR][20-10-31][com.zxp.dao.TestUserMapper]error
[INFO][20-10-31][com.zxp.dao.TestUserMapper]info
[DEBUG][20-10-31][com.zxp.dao.TestUserMapper]debug
[ERROR][20-10-31][com.zxp.dao.TestUserMapper]error
[INFO][20-10-31][com.zxp.dao.TestUserMapper]info
[DEBUG][20-10-31][com.zxp.dao.TestUserMapper]debug
[ERROR][20-10-31][com.zxp.dao.TestUserMapper]error
[INFO][20-10-31][com.zxp.dao.TestUserMapper]info
[DEBUG][20-10-31][com.zxp.dao.TestUserMapper]debug
[ERROR][20-10-31][com.zxp.dao.TestUserMapper]error
[DEBUG][20-11-01][org.apache.ibatis.logging.LogFactory]Logging initialized using 'class org.apache.ibatis.logging.log4j.Log4jImpl' adapter.
[DEBUG][20-11-01][org.apache.ibatis.logging.LogFactory]Logging initialized using 'class org.apache.ibatis.logging.log4j.Log4jImpl' adapter.
[DEBUG][20-11-01][org.apache.ibatis.datasource.pooled.PooledDataSource]PooledDataSource forcefully closed/removed all connections.
[DEBUG][20-11-01][org.apache.ibatis.datasource.pooled.PooledDataSource]PooledDataSource forcefully closed/removed all connections.
[DEBUG][20-11-01][org.apache.ibatis.datasource.pooled.PooledDataSource]PooledDataSource forcefully closed/removed all connections.
[DEBUG][20-11-01][org.apache.ibatis.datasource.pooled.PooledDataSource]PooledDataSource forcefully closed/removed all connections.
[DEBUG][20-11-01][org.apache.ibatis.logging.LogFactory]Logging initialized using 'class org.apache.ibatis.logging.log4j.Log4jImpl' adapter.
[DEBUG][20-11-01][org.apache.ibatis.logging.LogFactory]Logging initialized using 'class org.apache.ibatis.logging.log4j.Log4jImpl' adapter.
[DEBUG][20-11-01][org.apache.ibatis.datasource.pooled.PooledDataSource]PooledDataSource forcefully closed/removed all connections.
[DEBUG][20-11-01][org.apache.ibatis.datasource.pooled.PooledDataSource]PooledDataSource forcefully closed/removed all connections.
[DEBUG][20-11-01][org.apache.ibatis.datasource.pooled.PooledDataSource]PooledDataSource forcefully closed/removed all connections.
[DEBUG][20-11-01][org.apache.ibatis.datasource.pooled.PooledDataSource]PooledDataSource forcefully closed/removed all connections.
[DEBUG][20-11-01][org.apache.ibatis.logging.LogFactory]Logging initialized using 'class org.apache.ibatis.logging.log4j.Log4jImpl' adapter.
[DEBUG][20-11-01][org.apache.ibatis.logging.LogFactory]Logging initialized using 'class org.apache.ibatis.logging.log4j.Log4jImpl' adapter.
[DEBUG][20-11-01][org.apache.ibatis.datasource.pooled.PooledDataSource]PooledDataSource forcefully closed/removed all connections.
[DEBUG][20-11-01][org.apache.ibatis.datasource.pooled.PooledDataSource]PooledDataSource forcefully closed/removed all connections.
[DEBUG][20-11-01][org.apache.ibatis.datasource.pooled.PooledDataSource]PooledDataSource forcefully closed/removed all connections.
[DEBUG][20-11-01][org.apache.ibatis.datasource.pooled.PooledDataSource]PooledDataSource forcefully closed/removed all connections.
[DEBUG][20-11-01][org.apache.ibatis.transaction.jdbc.JdbcTransaction]Opening JDBC Connection
[DEBUG][20-11-01][org.apache.ibatis.datasource.pooled.PooledDataSource]Created connection 843467284.
[DEBUG][20-11-01][org.apache.ibatis.transaction.jdbc.JdbcTransaction]Setting autocommit to false on JDBC Connection [com.mysql.jdbc.JDBC4Connection@32464a14]
[DEBUG][20-11-01][com.zxp.dao.UserMapper.getUserListByLimit]==>  Preparing: select * from mybatis.user limit ?,?; 
[DEBUG][20-11-01][com.zxp.dao.UserMapper.getUserListByLimit]==> Parameters: 0(Integer), 2(Integer)
[DEBUG][20-11-01][com.zxp.dao.UserMapper.getUserListByLimit]<==      Total: 2
[DEBUG][20-11-01][org.apache.ibatis.transaction.jdbc.JdbcTransaction]Resetting autocommit to true on JDBC Connection [com.mysql.jdbc.JDBC4Connection@32464a14]
[DEBUG][20-11-01][org.apache.ibatis.transaction.jdbc.JdbcTransaction]Closing JDBC Connection [com.mysql.jdbc.JDBC4Connection@32464a14]
[DEBUG][20-11-01][org.apache.ibatis.datasource.pooled.PooledDataSource]Returned connection 843467284 to pool.
[DEBUG][20-11-01][org.apache.ibatis.logging.LogFactory]Logging initialized using 'class org.apache.ibatis.logging.log4j.Log4jImpl' adapter.
[DEBUG][20-11-01][org.apache.ibatis.logging.LogFactory]Logging initialized using 'class org.apache.ibatis.logging.log4j.Log4jImpl' adapter.
[DEBUG][20-11-01][org.apache.ibatis.datasource.pooled.PooledDataSource]PooledDataSource forcefully closed/removed all connections.
[DEBUG][20-11-01][org.apache.ibatis.datasource.pooled.PooledDataSource]PooledDataSource forcefully closed/removed all connections.
[DEBUG][20-11-01][org.apache.ibatis.datasource.pooled.PooledDataSource]PooledDataSource forcefully closed/removed all connections.
[DEBUG][20-11-01][org.apache.ibatis.datasource.pooled.PooledDataSource]PooledDataSource forcefully closed/removed all connections.
[DEBUG][20-11-01][org.apache.ibatis.transaction.jdbc.JdbcTransaction]Opening JDBC Connection
[DEBUG][20-11-01][org.apache.ibatis.datasource.pooled.PooledDataSource]Created connection 843467284.
[DEBUG][20-11-01][org.apache.ibatis.transaction.jdbc.JdbcTransaction]Setting autocommit to false on JDBC Connection [com.mysql.jdbc.JDBC4Connection@32464a14]
[DEBUG][20-11-01][com.zxp.dao.UserMapper.getUserListByLimit]==>  Preparing: select * from mybatis.user limit ?,?; 
[DEBUG][20-11-01][com.zxp.dao.UserMapper.getUserListByLimit]==> Parameters: 1(Integer), 3(Integer)
[DEBUG][20-11-01][com.zxp.dao.UserMapper.getUserListByLimit]<==      Total: 3
[DEBUG][20-11-01][org.apache.ibatis.transaction.jdbc.JdbcTransaction]Resetting autocommit to true on JDBC Connection [com.mysql.jdbc.JDBC4Connection@32464a14]
[DEBUG][20-11-01][org.apache.ibatis.transaction.jdbc.JdbcTransaction]Closing JDBC Connection [com.mysql.jdbc.JDBC4Connection@32464a14]
[DEBUG][20-11-01][org.apache.ibatis.datasource.pooled.PooledDataSource]Returned connection 843467284 to pool.
